[0.319s] Invoking command in '/home/rohit/ros2_ws/src/my_robot_controller': PYTHONPATH=/home/rohit/ros2_ws/build/my_robot_controller/prefix_override:/home/rohit/ros2_ws/install/my_robot_controller/lib/python3.10/site-packages:${PYTHONPATH} /usr/bin/python3 setup.py egg_info --egg-base ../../build/my_robot_controller build --build-base /home/rohit/ros2_ws/build/my_robot_controller/build install --record /home/rohit/ros2_ws/build/my_robot_controller/install.log --single-version-externally-managed
[0.450s] running egg_info
[0.450s] creating ../../build/my_robot_controller/my_robot_controller.egg-info
[0.450s] writing ../../build/my_robot_controller/my_robot_controller.egg-info/PKG-INFO
[0.450s] writing dependency_links to ../../build/my_robot_controller/my_robot_controller.egg-info/dependency_links.txt
[0.450s] writing entry points to ../../build/my_robot_controller/my_robot_controller.egg-info/entry_points.txt
[0.450s] writing requirements to ../../build/my_robot_controller/my_robot_controller.egg-info/requires.txt
[0.451s] writing top-level names to ../../build/my_robot_controller/my_robot_controller.egg-info/top_level.txt
[0.451s] writing manifest file '../../build/my_robot_controller/my_robot_controller.egg-info/SOURCES.txt'
[0.451s] reading manifest file '../../build/my_robot_controller/my_robot_controller.egg-info/SOURCES.txt'
[0.452s] writing manifest file '../../build/my_robot_controller/my_robot_controller.egg-info/SOURCES.txt'
[0.452s] running build
[0.452s] running build_py
[0.452s] creating /home/rohit/ros2_ws/build/my_robot_controller/build
[0.452s] creating /home/rohit/ros2_ws/build/my_robot_controller/build/lib
[0.452s] creating /home/rohit/ros2_ws/build/my_robot_controller/build/lib/my_robot_controller
[0.452s] copying my_robot_controller/__init__.py -> /home/rohit/ros2_ws/build/my_robot_controller/build/lib/my_robot_controller
[0.452s] running install
[0.461s] /usr/lib/python3/dist-packages/setuptools/command/install.py:34: SetuptoolsDeprecationWarning: setup.py install is deprecated. Use build and pip and other standards-based tools.
[0.461s]   warnings.warn(
[0.461s] running install_lib
[0.462s] creating /home/rohit/ros2_ws/install/my_robot_controller/lib/python3.10/site-packages/my_robot_controller
[0.462s] copying /home/rohit/ros2_ws/build/my_robot_controller/build/lib/my_robot_controller/__init__.py -> /home/rohit/ros2_ws/install/my_robot_controller/lib/python3.10/site-packages/my_robot_controller
[0.462s] byte-compiling /home/rohit/ros2_ws/install/my_robot_controller/lib/python3.10/site-packages/my_robot_controller/__init__.py to __init__.cpython-310.pyc
[0.462s] running install_data
[0.462s] creating /home/rohit/ros2_ws/install/my_robot_controller/share/ament_index
[0.462s] creating /home/rohit/ros2_ws/install/my_robot_controller/share/ament_index/resource_index
[0.462s] creating /home/rohit/ros2_ws/install/my_robot_controller/share/ament_index/resource_index/packages
[0.463s] copying resource/my_robot_controller -> /home/rohit/ros2_ws/install/my_robot_controller/share/ament_index/resource_index/packages
[0.463s] copying package.xml -> /home/rohit/ros2_ws/install/my_robot_controller/share/my_robot_controller
[0.463s] running install_egg_info
[0.463s] Copying ../../build/my_robot_controller/my_robot_controller.egg-info to /home/rohit/ros2_ws/install/my_robot_controller/lib/python3.10/site-packages/my_robot_controller-0.0.0-py3.10.egg-info
[0.464s] running install_scripts
[0.477s] writing list of installed files to '/home/rohit/ros2_ws/build/my_robot_controller/install.log'
[0.490s] Invoked command in '/home/rohit/ros2_ws/src/my_robot_controller' returned '0': PYTHONPATH=/home/rohit/ros2_ws/build/my_robot_controller/prefix_override:/home/rohit/ros2_ws/install/my_robot_controller/lib/python3.10/site-packages:${PYTHONPATH} /usr/bin/python3 setup.py egg_info --egg-base ../../build/my_robot_controller build --build-base /home/rohit/ros2_ws/build/my_robot_controller/build install --record /home/rohit/ros2_ws/build/my_robot_controller/install.log --single-version-externally-managed
