[0.336s] Invoking command in '/home/rohit/ros2_ws/build/my_robot_controller': PYTHONPATH=/home/rohit/ros2_ws/build/my_robot_controller/prefix_override:/home/rohit/ros2_ws/install/my_robot_controller/lib/python3.10/site-packages:${PYTHONPATH} /usr/bin/python3 setup.py develop --editable --build-directory /home/rohit/ros2_ws/build/my_robot_controller/build --no-deps install_data
[0.489s] running develop
[0.579s] running egg_info
[0.579s] writing my_robot_controller.egg-info/PKG-INFO
[0.579s] writing dependency_links to my_robot_controller.egg-info/dependency_links.txt
[0.579s] writing entry points to my_robot_controller.egg-info/entry_points.txt
[0.579s] writing requirements to my_robot_controller.egg-info/requires.txt
[0.579s] writing top-level names to my_robot_controller.egg-info/top_level.txt
[0.580s] reading manifest file 'my_robot_controller.egg-info/SOURCES.txt'
[0.581s] writing manifest file 'my_robot_controller.egg-info/SOURCES.txt'
[0.582s] running build_ext
[0.582s] Creating /home/rohit/ros2_ws/install/my_robot_controller/lib/python3.10/site-packages/my-robot-controller.egg-link (link to .)
[0.582s] Installing draw_circle script to /home/rohit/ros2_ws/install/my_robot_controller/lib/my_robot_controller
[0.582s] Installing pose_subscriber script to /home/rohit/ros2_ws/install/my_robot_controller/lib/my_robot_controller
[0.583s] Installing test_node script to /home/rohit/ros2_ws/install/my_robot_controller/lib/my_robot_controller
[0.583s] Installing turtle_controller script to /home/rohit/ros2_ws/install/my_robot_controller/lib/my_robot_controller
[0.583s] 
[0.583s] Installed /home/rohit/ros2_ws/build/my_robot_controller
[0.583s] running install_data
[0.600s] Invoked command in '/home/rohit/ros2_ws/build/my_robot_controller' returned '0': PYTHONPATH=/home/rohit/ros2_ws/build/my_robot_controller/prefix_override:/home/rohit/ros2_ws/install/my_robot_controller/lib/python3.10/site-packages:${PYTHONPATH} /usr/bin/python3 setup.py develop --editable --build-directory /home/rohit/ros2_ws/build/my_robot_controller/build --no-deps install_data
