[0.308s] Invoking command in '/home/rohit/ros2_ws/src/my_robot_controller': PYTHONPATH=/home/rohit/ros2_ws/build/my_robot_controller/prefix_override:/home/rohit/ros2_ws/install/my_robot_controller/lib/python3.10/site-packages:${PYTHONPATH} /usr/bin/python3 setup.py egg_info --egg-base ../../build/my_robot_controller build --build-base /home/rohit/ros2_ws/build/my_robot_controller/build install --record /home/rohit/ros2_ws/build/my_robot_controller/install.log --single-version-externally-managed
[0.431s] running egg_info
[0.432s] writing ../../build/my_robot_controller/my_robot_controller.egg-info/PKG-INFO
[0.432s] writing dependency_links to ../../build/my_robot_controller/my_robot_controller.egg-info/dependency_links.txt
[0.432s] writing entry points to ../../build/my_robot_controller/my_robot_controller.egg-info/entry_points.txt
[0.432s] writing requirements to ../../build/my_robot_controller/my_robot_controller.egg-info/requires.txt
[0.432s] writing top-level names to ../../build/my_robot_controller/my_robot_controller.egg-info/top_level.txt
[0.433s] reading manifest file '../../build/my_robot_controller/my_robot_controller.egg-info/SOURCES.txt'
[0.433s] writing manifest file '../../build/my_robot_controller/my_robot_controller.egg-info/SOURCES.txt'
[0.433s] running build
[0.433s] running build_py
[0.433s] running install
[0.434s] running install_lib
[0.434s] running install_data
[0.434s] running install_egg_info
[0.435s] removing '/home/rohit/ros2_ws/install/my_robot_controller/lib/python3.10/site-packages/my_robot_controller-0.0.0-py3.10.egg-info' (and everything under it)
[0.435s] Copying ../../build/my_robot_controller/my_robot_controller.egg-info to /home/rohit/ros2_ws/install/my_robot_controller/lib/python3.10/site-packages/my_robot_controller-0.0.0-py3.10.egg-info
[0.435s] running install_scripts
[0.446s] writing list of installed files to '/home/rohit/ros2_ws/build/my_robot_controller/install.log'
[0.459s] Invoked command in '/home/rohit/ros2_ws/src/my_robot_controller' returned '0': PYTHONPATH=/home/rohit/ros2_ws/build/my_robot_controller/prefix_override:/home/rohit/ros2_ws/install/my_robot_controller/lib/python3.10/site-packages:${PYTHONPATH} /usr/bin/python3 setup.py egg_info --egg-base ../../build/my_robot_controller build --build-base /home/rohit/ros2_ws/build/my_robot_controller/build install --record /home/rohit/ros2_ws/build/my_robot_controller/install.log --single-version-externally-managed
